13-Feb-2026 19:30:31.785 INFO [main] org.apache.catalina.core.ApplicationContext.log ContextListener: contextInitialized()
13-Feb-2026 19:30:31.785 INFO [main] org.apache.catalina.core.ApplicationContext.log SessionListener: contextInitialized()
13-Feb-2026 19:30:31.786 INFO [main] org.apache.catalina.core.ApplicationContext.log ContextListener: attributeAdded('StockTicker', 'async.Stockticker@131c5bd')
13-Feb-2026 19:31:29.632 INFO [Thread-1] org.apache.catalina.core.ApplicationContext.log SessionListener: contextDestroyed()
13-Feb-2026 19:31:29.632 INFO [Thread-1] org.apache.catalina.core.ApplicationContext.log ContextListener: contextDestroyed()
13-Feb-2026 19:31:33.334 INFO [main] org.apache.catalina.core.ApplicationContext.log ContextListener: contextInitialized()
13-Feb-2026 19:31:33.334 INFO [main] org.apache.catalina.core.ApplicationContext.log SessionListener: contextInitialized()
13-Feb-2026 19:31:33.334 INFO [main] org.apache.catalina.core.ApplicationContext.log ContextListener: attributeAdded('StockTicker', 'async.Stockticker@129e45eb')
13-Feb-2026 19:33:30.032 INFO [Thread-1] org.apache.catalina.core.ApplicationContext.log SessionListener: contextDestroyed()
13-Feb-2026 19:33:30.032 INFO [Thread-1] org.apache.catalina.core.ApplicationContext.log ContextListener: contextDestroyed()
13-Feb-2026 19:36:03.266 INFO [main] org.apache.catalina.core.ApplicationContext.log ContextListener: contextInitialized()
13-Feb-2026 19:36:03.266 INFO [main] org.apache.catalina.core.ApplicationContext.log SessionListener: contextInitialized()
13-Feb-2026 19:36:03.266 INFO [main] org.apache.catalina.core.ApplicationContext.log ContextListener: attributeAdded('StockTicker', 'async.Stockticker@688efeb2')
13-Feb-2026 19:41:40.967 INFO [Thread-1] org.apache.catalina.core.ApplicationContext.log SessionListener: contextDestroyed()
13-Feb-2026 19:41:40.967 INFO [Thread-1] org.apache.catalina.core.ApplicationContext.log ContextListener: contextDestroyed()
13-Feb-2026 19:41:50.099 INFO [main] org.apache.catalina.core.ApplicationContext.log ContextListener: contextInitialized()
13-Feb-2026 19:41:50.099 INFO [main] org.apache.catalina.core.ApplicationContext.log SessionListener: contextInitialized()
13-Feb-2026 19:41:50.100 INFO [main] org.apache.catalina.core.ApplicationContext.log ContextListener: attributeAdded('StockTicker', 'async.Stockticker@2665a2e7')
13-Feb-2026 19:42:29.963 INFO [Thread-1] org.apache.catalina.core.ApplicationContext.log SessionListener: contextDestroyed()
13-Feb-2026 19:42:29.964 INFO [Thread-1] org.apache.catalina.core.ApplicationContext.log ContextListener: contextDestroyed()
13-Feb-2026 19:42:33.087 INFO [main] org.apache.catalina.core.ApplicationContext.log ContextListener: contextInitialized()
13-Feb-2026 19:42:33.087 INFO [main] org.apache.catalina.core.ApplicationContext.log SessionListener: contextInitialized()
13-Feb-2026 19:42:33.087 INFO [main] org.apache.catalina.core.ApplicationContext.log ContextListener: attributeAdded('StockTicker', 'async.Stockticker@131c5bd')
13-Feb-2026 19:44:12.324 INFO [Thread-1] org.apache.catalina.core.ApplicationContext.log SessionListener: contextDestroyed()
13-Feb-2026 19:44:12.324 INFO [Thread-1] org.apache.catalina.core.ApplicationContext.log ContextListener: contextDestroyed()
13-Feb-2026 19:44:15.062 INFO [main] org.apache.catalina.core.ApplicationContext.log ContextListener: contextInitialized()
13-Feb-2026 19:44:15.062 INFO [main] org.apache.catalina.core.ApplicationContext.log SessionListener: contextInitialized()
13-Feb-2026 19:44:15.062 INFO [main] org.apache.catalina.core.ApplicationContext.log ContextListener: attributeAdded('StockTicker', 'async.Stockticker@85f5f55')
13-Feb-2026 19:52:10.576 INFO [Thread-1] org.apache.catalina.core.ApplicationContext.log SessionListener: contextDestroyed()
13-Feb-2026 19:52:10.576 INFO [Thread-1] org.apache.catalina.core.ApplicationContext.log ContextListener: contextDestroyed()
13-Feb-2026 19:52:12.853 INFO [main] org.apache.catalina.core.ApplicationContext.log ContextListener: contextInitialized()
13-Feb-2026 19:52:12.853 INFO [main] org.apache.catalina.core.ApplicationContext.log SessionListener: contextInitialized()
13-Feb-2026 19:52:12.854 INFO [main] org.apache.catalina.core.ApplicationContext.log ContextListener: attributeAdded('StockTicker', 'async.Stockticker@129e45eb')
13-Feb-2026 19:52:44.077 INFO [Thread-1] org.apache.catalina.core.ApplicationContext.log SessionListener: contextDestroyed()
13-Feb-2026 19:52:44.077 INFO [Thread-1] org.apache.catalina.core.ApplicationContext.log ContextListener: contextDestroyed()
13-Feb-2026 19:52:46.221 INFO [main] org.apache.catalina.core.ApplicationContext.log ContextListener: contextInitialized()
13-Feb-2026 19:52:46.221 INFO [main] org.apache.catalina.core.ApplicationContext.log SessionListener: contextInitialized()
13-Feb-2026 19:52:46.222 INFO [main] org.apache.catalina.core.ApplicationContext.log ContextListener: attributeAdded('StockTicker', 'async.Stockticker@129e45eb')
13-Feb-2026 19:56:02.012 INFO [Thread-1] org.apache.catalina.core.ApplicationContext.log SessionListener: contextDestroyed()
13-Feb-2026 19:56:02.012 INFO [Thread-1] org.apache.catalina.core.ApplicationContext.log ContextListener: contextDestroyed()
13-Feb-2026 19:56:04.444 INFO [main] org.apache.catalina.core.ApplicationContext.log ContextListener: contextInitialized()
13-Feb-2026 19:56:04.444 INFO [main] org.apache.catalina.core.ApplicationContext.log SessionListener: contextInitialized()
13-Feb-2026 19:56:04.445 INFO [main] org.apache.catalina.core.ApplicationContext.log ContextListener: attributeAdded('StockTicker', 'async.Stockticker@131c5bd')
13-Feb-2026 19:56:40.473 INFO [Thread-1] org.apache.catalina.core.ApplicationContext.log SessionListener: contextDestroyed()
13-Feb-2026 19:56:40.473 INFO [Thread-1] org.apache.catalina.core.ApplicationContext.log ContextListener: contextDestroyed()
13-Feb-2026 19:56:43.046 INFO [main] org.apache.catalina.core.ApplicationContext.log ContextListener: contextInitialized()
13-Feb-2026 19:56:43.046 INFO [main] org.apache.catalina.core.ApplicationContext.log SessionListener: contextInitialized()
13-Feb-2026 19:56:43.046 INFO [main] org.apache.catalina.core.ApplicationContext.log ContextListener: attributeAdded('StockTicker', 'async.Stockticker@131c5bd')
13-Feb-2026 19:58:03.784 INFO [Thread-1] org.apache.catalina.core.ApplicationContext.log SessionListener: contextDestroyed()
13-Feb-2026 19:58:03.784 INFO [Thread-1] org.apache.catalina.core.ApplicationContext.log ContextListener: contextDestroyed()
13-Feb-2026 19:58:06.228 INFO [main] org.apache.catalina.core.ApplicationContext.log ContextListener: contextInitialized()
13-Feb-2026 19:58:06.228 INFO [main] org.apache.catalina.core.ApplicationContext.log SessionListener: contextInitialized()
13-Feb-2026 19:58:06.228 INFO [main] org.apache.catalina.core.ApplicationContext.log ContextListener: attributeAdded('StockTicker', 'async.Stockticker@688efeb2')
13-Feb-2026 19:58:35.401 INFO [Thread-1] org.apache.catalina.core.ApplicationContext.log SessionListener: contextDestroyed()
13-Feb-2026 19:58:35.401 INFO [Thread-1] org.apache.catalina.core.ApplicationContext.log ContextListener: contextDestroyed()
13-Feb-2026 19:58:38.276 INFO [main] org.apache.catalina.core.ApplicationContext.log ContextListener: contextInitialized()
13-Feb-2026 19:58:38.276 INFO [main] org.apache.catalina.core.ApplicationContext.log SessionListener: contextInitialized()
13-Feb-2026 19:58:38.277 INFO [main] org.apache.catalina.core.ApplicationContext.log ContextListener: attributeAdded('StockTicker', 'async.Stockticker@131c5bd')
13-Feb-2026 19:59:55.808 INFO [Thread-1] org.apache.catalina.core.ApplicationContext.log SessionListener: contextDestroyed()
13-Feb-2026 19:59:55.808 INFO [Thread-1] org.apache.catalina.core.ApplicationContext.log ContextListener: contextDestroyed()
13-Feb-2026 19:59:58.323 INFO [main] org.apache.catalina.core.ApplicationContext.log ContextListener: contextInitialized()
13-Feb-2026 19:59:58.323 INFO [main] org.apache.catalina.core.ApplicationContext.log SessionListener: contextInitialized()
13-Feb-2026 19:59:58.324 INFO [main] org.apache.catalina.core.ApplicationContext.log ContextListener: attributeAdded('StockTicker', 'async.Stockticker@131c5bd')
13-Feb-2026 20:00:12.430 INFO [Thread-1] org.apache.catalina.core.ApplicationContext.log SessionListener: contextDestroyed()
13-Feb-2026 20:00:12.430 INFO [Thread-1] org.apache.catalina.core.ApplicationContext.log ContextListener: contextDestroyed()
13-Feb-2026 20:00:14.863 INFO [main] org.apache.catalina.core.ApplicationContext.log ContextListener: contextInitialized()
13-Feb-2026 20:00:14.863 INFO [main] org.apache.catalina.core.ApplicationContext.log SessionListener: contextInitialized()
13-Feb-2026 20:00:14.863 INFO [main] org.apache.catalina.core.ApplicationContext.log ContextListener: attributeAdded('StockTicker', 'async.Stockticker@131c5bd')
